# JRE version: Java(TM) SE Runtime Environment (8.0_171-b11) (build 1.8.0_171-b11)
# Java VM: Java HotSpot(TM) 64-Bit Server VM (25.171-b11 mixed mode windows-amd64 compressed oops)
Heap:
 PSYoungGen      total 143872K, used 86801K [0x00000000d5d80000, 0x00000000df880000, 0x0000000100000000)
  eden space 132096K, 56% used [0x00000000d5d80000,0x00000000da6c6dc0,0x00000000dde80000)
  from space 11776K, 99% used [0x00000000deb00000,0x00000000df67d7b0,0x00000000df680000)
  to   space 12800K, 0% used [0x00000000dde80000,0x00000000dde80000,0x00000000deb00000)
 ParOldGen       total 66048K, used 24995K [0x0000000081800000, 0x0000000085880000, 0x00000000d5d80000)
  object space 66048K, 37% used [0x0000000081800000,0x0000000083068d68,0x0000000085880000)
 Metaspace       used 24319K, capacity 24930K, committed 25088K, reserved 1071104K
  class space    used 2802K, capacity 2966K, committed 3072K, reserved 1048576K
GC Heap History (10 events):
Event: 20.256 GC heap before
{Heap before GC invocations=5 (full 0):
 PSYoungGen      total 71680K, used 71656K [0x00000000d5d80000, 0x00000000da880000, 0x0000000100000000)
  eden space 66560K, 100% used [0x00000000d5d80000,0x00000000d9e80000,0x00000000d9e80000)
  from space 5120K, 99% used [0x00000000da380000,0x00000000da87a020,0x00000000da880000)
  to   space 5120K, 0% used [0x00000000d9e80000,0x00000000d9e80000,0x00000000da380000)
 ParOldGen       total 87552K, used 7026K [0x0000000081800000, 0x0000000086d80000, 0x00000000d5d80000)
  object space 87552K, 8% used [0x0000000081800000,0x0000000081edcb88,0x0000000086d80000)
 Metaspace       used 16670K, capacity 17048K, committed 17280K, reserved 1064960K
  class space    used 1965K, capacity 2084K, committed 2176K, reserved 1048576K
Event: 20.376 GC heap after
Heap after GC invocations=5 (full 0):
 PSYoungGen      total 71680K, used 5104K [0x00000000d5d80000, 0x00000000df680000, 0x0000000100000000)
  eden space 66560K, 0% used [0x00000000d5d80000,0x00000000d5d80000,0x00000000d9e80000)
  from space 5120K, 99% used [0x00000000d9e80000,0x00000000da37c010,0x00000000da380000)
  to   space 11776K, 0% used [0x00000000deb00000,0x00000000deb00000,0x00000000df680000)
 ParOldGen       total 87552K, used 12104K [0x0000000081800000, 0x0000000086d80000, 0x00000000d5d80000)
  object space 87552K, 13% used [0x0000000081800000,0x00000000823d2360,0x0000000086d80000)
 Metaspace       used 16670K, capacity 17048K, committed 17280K, reserved 1064960K
  class space    used 1965K, capacity 2084K, committed 2176K, reserved 1048576K
}
Event: 29.106 GC heap before
{Heap before GC invocations=6 (full 0):
 PSYoungGen      total 71680K, used 71664K [0x00000000d5d80000, 0x00000000df680000, 0x0000000100000000)
  eden space 66560K, 100% used [0x00000000d5d80000,0x00000000d9e80000,0x00000000d9e80000)
  from space 5120K, 99% used [0x00000000d9e80000,0x00000000da37c010,0x00000000da380000)
  to   space 11776K, 0% used [0x00000000deb00000,0x00000000deb00000,0x00000000df680000)
 ParOldGen       total 87552K, used 12104K [0x0000000081800000, 0x0000000086d80000, 0x00000000d5d80000)
  object space 87552K, 13% used [0x0000000081800000,0x00000000823d2360,0x0000000086d80000)
 Metaspace       used 19006K, capacity 19518K, committed 19584K, reserved 1067008K
  class space    used 2231K, capacity 2399K, committed 2432K, reserved 1048576K
Event: 29.134 GC heap after
Heap after GC invocations=6 (full 0):
 PSYoungGen      total 143872K, used 10548K [0x00000000d5d80000, 0x00000000df880000, 0x0000000100000000)
  eden space 132096K, 0% used [0x00000000d5d80000,0x00000000d5d80000,0x00000000dde80000)
  from space 11776K, 89% used [0x00000000deb00000,0x00000000df54d3b0,0x00000000df680000)
  to   space 12800K, 0% used [0x00000000dde80000,0x00000000dde80000,0x00000000deb00000)
 ParOldGen       total 87552K, used 12112K [0x0000000081800000, 0x0000000086d80000, 0x00000000d5d80000)
  object space 87552K, 13% used [0x0000000081800000,0x00000000823d4360,0x0000000086d80000)
 Metaspace       used 19006K, capacity 19518K, committed 19584K, reserved 1067008K
  class space    used 2231K, capacity 2399K, committed 2432K, reserved 1048576K
}
Event: 29.746 GC heap before
{Heap before GC invocations=7 (full 0):
 PSYoungGen      total 143872K, used 23727K [0x00000000d5d80000, 0x00000000df880000, 0x0000000100000000)
  eden space 132096K, 9% used [0x00000000d5d80000,0x00000000d6a5e9b8,0x00000000dde80000)
  from space 11776K, 89% used [0x00000000deb00000,0x00000000df54d3b0,0x00000000df680000)
  to   space 12800K, 0% used [0x00000000dde80000,0x00000000dde80000,0x00000000deb00000)
 ParOldGen       total 87552K, used 12112K [0x0000000081800000, 0x0000000086d80000, 0x00000000d5d80000)
  object space 87552K, 13% used [0x0000000081800000,0x00000000823d4360,0x0000000086d80000)
 Metaspace       used 20701K, capacity 21214K, committed 21248K, reserved 1069056K
  class space    used 2409K, capacity 2559K, committed 2560K, reserved 1048576K
Event: 29.803 GC heap after
Heap after GC invocations=7 (full 0):
 PSYoungGen      total 144896K, used 8360K [0x00000000d5d80000, 0x00000000df880000, 0x0000000100000000)
  eden space 132096K, 0% used [0x00000000d5d80000,0x00000000d5d80000,0x00000000dde80000)
  from space 12800K, 65% used [0x00000000dde80000,0x00000000de6aa1d8,0x00000000deb00000)
  to   space 11776K, 0% used [0x00000000deb00000,0x00000000deb00000,0x00000000df680000)
 ParOldGen       total 87552K, used 13376K [0x0000000081800000, 0x0000000086d80000, 0x00000000d5d80000)
  object space 87552K, 15% used [0x0000000081800000,0x00000000825103b0,0x0000000086d80000)
 Metaspace       used 20701K, capacity 21214K, committed 21248K, reserved 1069056K
  class space    used 2409K, capacity 2559K, committed 2560K, reserved 1048576K
}
Event: 29.803 GC heap before
{Heap before GC invocations=8 (full 1):
 PSYoungGen      total 144896K, used 8360K [0x00000000d5d80000, 0x00000000df880000, 0x0000000100000000)
  eden space 132096K, 0% used [0x00000000d5d80000,0x00000000d5d80000,0x00000000dde80000)
  from space 12800K, 65% used [0x00000000dde80000,0x00000000de6aa1d8,0x00000000deb00000)
  to   space 11776K, 0% used [0x00000000deb00000,0x00000000deb00000,0x00000000df680000)
 ParOldGen       total 87552K, used 13376K [0x0000000081800000, 0x0000000086d80000, 0x00000000d5d80000)
  object space 87552K, 15% used [0x0000000081800000,0x00000000825103b0,0x0000000086d80000)
 Metaspace       used 20701K, capacity 21214K, committed 21248K, reserved 1069056K
  class space    used 2409K, capacity 2559K, committed 2560K, reserved 1048576K
Event: 30.227 GC heap after
Heap after GC invocations=8 (full 1):
 PSYoungGen      total 144896K, used 0K [0x00000000d5d80000, 0x00000000df880000, 0x0000000100000000)
  eden space 132096K, 0% used [0x00000000d5d80000,0x00000000d5d80000,0x00000000dde80000)
  from space 12800K, 0% used [0x00000000dde80000,0x00000000dde80000,0x00000000deb00000)
  to   space 11776K, 0% used [0x00000000deb00000,0x00000000deb00000,0x00000000df680000)
 ParOldGen       total 66048K, used 16993K [0x0000000081800000, 0x0000000085880000, 0x00000000d5d80000)
  object space 66048K, 25% used [0x0000000081800000,0x00000000828986b0,0x0000000085880000)
 Metaspace       used 20701K, capacity 21214K, committed 21248K, reserved 1069056K
  class space    used 2409K, capacity 2559K, committed 2560K, reserved 1048576K
}
Event: 36.801 GC heap before
{Heap before GC invocations=9 (full 1):
 PSYoungGen      total 144896K, used 132096K [0x00000000d5d80000, 0x00000000df880000, 0x0000000100000000)
  eden space 132096K, 100% used [0x00000000d5d80000,0x00000000dde80000,0x00000000dde80000)
  from space 12800K, 0% used [0x00000000dde80000,0x00000000dde80000,0x00000000deb00000)
  to   space 11776K, 0% used [0x00000000deb00000,0x00000000deb00000,0x00000000df680000)
 ParOldGen       total 66048K, used 16993K [0x0000000081800000, 0x0000000085880000, 0x00000000d5d80000)
  object space 66048K, 25% used [0x0000000081800000,0x00000000828986b0,0x0000000085880000)
 Metaspace       used 24302K, capacity 24930K, committed 25088K, reserved 1071104K
  class space    used 2800K, capacity 2966K, committed 3072K, reserved 1048576K
Event: 36.876 GC heap after
Heap after GC invocations=9 (full 1):
 PSYoungGen      total 143872K, used 11765K [0x00000000d5d80000, 0x00000000df880000, 0x0000000100000000)
  eden space 132096K, 0% used [0x00000000d5d80000,0x00000000d5d80000,0x00000000dde80000)
  from space 11776K, 99% used [0x00000000deb00000,0x00000000df67d7b0,0x00000000df680000)
  to   space 12800K, 0% used [0x00000000dde80000,0x00000000dde80000,0x00000000deb00000)
 ParOldGen       total 66048K, used 24995K [0x0000000081800000, 0x0000000085880000, 0x00000000d5d80000)
  object space 66048K, 37% used [0x0000000081800000,0x0000000083068d68,0x0000000085880000)
 Metaspace       used 24302K, capacity 24930K, committed 25088K, reserved 1071104K
  class space    used 2800K, capacity 2966K, committed 3072K, reserved 1048576K
}

