# JRE version: Java(TM) SE Runtime Environment (8.0_171-b11) (build 1.8.0_171-b11)
# Java VM: Java HotSpot(TM) 64-Bit Server VM (25.171-b11 mixed mode windows-amd64 compressed oops)
Heap:
 PSYoungGen      total 143872K, used 90871K [0x00000000d5d80000, 0x00000000df480000, 0x0000000100000000)
  eden space 133120K, 60% used [0x00000000d5d80000,0x00000000dabc38f0,0x00000000ddf80000)
  from space 10752K, 99% used [0x00000000ddf80000,0x00000000de9fa4a0,0x00000000dea00000)
  to   space 10240K, 0% used [0x00000000dea80000,0x00000000dea80000,0x00000000df480000)
 ParOldGen       total 67072K, used 25683K [0x0000000081800000, 0x0000000085980000, 0x00000000d5d80000)
  object space 67072K, 38% used [0x0000000081800000,0x0000000083114fd0,0x0000000085980000)
 Metaspace       used 24304K, capacity 24866K, committed 25088K, reserved 1071104K
  class space    used 2801K, capacity 2966K, committed 3072K, reserved 1048576K
GC Heap History (10 events):
Event: 7.010 GC heap before
{Heap before GC invocations=6 (full 0):
 PSYoungGen      total 38400K, used 38392K [0x00000000d5d80000, 0x00000000db280000, 0x0000000100000000)
  eden space 33280K, 100% used [0x00000000d5d80000,0x00000000d7e00000,0x00000000d7e00000)
  from space 5120K, 99% used [0x00000000d7e00000,0x00000000d82fe030,0x00000000d8300000)
  to   space 10240K, 0% used [0x00000000da880000,0x00000000da880000,0x00000000db280000)
 ParOldGen       total 87552K, used 9969K [0x0000000081800000, 0x0000000086d80000, 0x00000000d5d80000)
  object space 87552K, 11% used [0x0000000081800000,0x00000000821bc540,0x0000000086d80000)
 Metaspace       used 16629K, capacity 17048K, committed 17280K, reserved 1064960K
  class space    used 1965K, capacity 2084K, committed 2176K, reserved 1048576K
Event: 7.033 GC heap after
Heap after GC invocations=6 (full 0):
 PSYoungGen      total 76800K, used 7524K [0x00000000d5d80000, 0x00000000db280000, 0x0000000100000000)
  eden space 66560K, 0% used [0x00000000d5d80000,0x00000000d5d80000,0x00000000d9e80000)
  from space 10240K, 73% used [0x00000000da880000,0x00000000dafd9080,0x00000000db280000)
  to   space 10240K, 0% used [0x00000000d9e80000,0x00000000d9e80000,0x00000000da880000)
 ParOldGen       total 87552K, used 9977K [0x0000000081800000, 0x0000000086d80000, 0x00000000d5d80000)
  object space 87552K, 11% used [0x0000000081800000,0x00000000821be540,0x0000000086d80000)
 Metaspace       used 16629K, capacity 17048K, committed 17280K, reserved 1064960K
  class space    used 1965K, capacity 2084K, committed 2176K, reserved 1048576K
}
Event: 10.120 GC heap before
{Heap before GC invocations=7 (full 0):
 PSYoungGen      total 76800K, used 74084K [0x00000000d5d80000, 0x00000000db280000, 0x0000000100000000)
  eden space 66560K, 100% used [0x00000000d5d80000,0x00000000d9e80000,0x00000000d9e80000)
  from space 10240K, 73% used [0x00000000da880000,0x00000000dafd9080,0x00000000db280000)
  to   space 10240K, 0% used [0x00000000d9e80000,0x00000000d9e80000,0x00000000da880000)
 ParOldGen       total 87552K, used 9977K [0x0000000081800000, 0x0000000086d80000, 0x00000000d5d80000)
  object space 87552K, 11% used [0x0000000081800000,0x00000000821be540,0x0000000086d80000)
 Metaspace       used 18995K, capacity 19518K, committed 19584K, reserved 1067008K
  class space    used 2230K, capacity 2399K, committed 2432K, reserved 1048576K
Event: 10.145 GC heap after
Heap after GC invocations=7 (full 0):
 PSYoungGen      total 76800K, used 10110K [0x00000000d5d80000, 0x00000000df580000, 0x0000000100000000)
  eden space 66560K, 0% used [0x00000000d5d80000,0x00000000d5d80000,0x00000000d9e80000)
  from space 10240K, 98% used [0x00000000d9e80000,0x00000000da85fa00,0x00000000da880000)
  to   space 11264K, 0% used [0x00000000dea80000,0x00000000dea80000,0x00000000df580000)
 ParOldGen       total 87552K, used 11649K [0x0000000081800000, 0x0000000086d80000, 0x00000000d5d80000)
  object space 87552K, 13% used [0x0000000081800000,0x00000000823605a0,0x0000000086d80000)
 Metaspace       used 18995K, capacity 19518K, committed 19584K, reserved 1067008K
  class space    used 2230K, capacity 2399K, committed 2432K, reserved 1048576K
}
Event: 10.559 GC heap before
{Heap before GC invocations=8 (full 0):
 PSYoungGen      total 76800K, used 22150K [0x00000000d5d80000, 0x00000000df580000, 0x0000000100000000)
  eden space 66560K, 18% used [0x00000000d5d80000,0x00000000d6941fc0,0x00000000d9e80000)
  from space 10240K, 98% used [0x00000000d9e80000,0x00000000da85fa00,0x00000000da880000)
  to   space 11264K, 0% used [0x00000000dea80000,0x00000000dea80000,0x00000000df580000)
 ParOldGen       total 87552K, used 11649K [0x0000000081800000, 0x0000000086d80000, 0x00000000d5d80000)
  object space 87552K, 13% used [0x0000000081800000,0x00000000823605a0,0x0000000086d80000)
 Metaspace       used 20709K, capacity 21214K, committed 21248K, reserved 1069056K
  class space    used 2412K, capacity 2559K, committed 2560K, reserved 1048576K
Event: 10.576 GC heap after
Heap after GC invocations=8 (full 0):
 PSYoungGen      total 143360K, used 6761K [0x00000000d5d80000, 0x00000000df480000, 0x0000000100000000)
  eden space 133120K, 0% used [0x00000000d5d80000,0x00000000d5d80000,0x00000000ddf80000)
  from space 10240K, 66% used [0x00000000dea80000,0x00000000df11a648,0x00000000df480000)
  to   space 10752K, 0% used [0x00000000ddf80000,0x00000000ddf80000,0x00000000dea00000)
 ParOldGen       total 87552K, used 14123K [0x0000000081800000, 0x0000000086d80000, 0x00000000d5d80000)
  object space 87552K, 16% used [0x0000000081800000,0x00000000825cade0,0x0000000086d80000)
 Metaspace       used 20709K, capacity 21214K, committed 21248K, reserved 1069056K
  class space    used 2412K, capacity 2559K, committed 2560K, reserved 1048576K
}
Event: 10.576 GC heap before
{Heap before GC invocations=9 (full 1):
 PSYoungGen      total 143360K, used 6761K [0x00000000d5d80000, 0x00000000df480000, 0x0000000100000000)
  eden space 133120K, 0% used [0x00000000d5d80000,0x00000000d5d80000,0x00000000ddf80000)
  from space 10240K, 66% used [0x00000000dea80000,0x00000000df11a648,0x00000000df480000)
  to   space 10752K, 0% used [0x00000000ddf80000,0x00000000ddf80000,0x00000000dea00000)
 ParOldGen       total 87552K, used 14123K [0x0000000081800000, 0x0000000086d80000, 0x00000000d5d80000)
  object space 87552K, 16% used [0x0000000081800000,0x00000000825cade0,0x0000000086d80000)
 Metaspace       used 20709K, capacity 21214K, committed 21248K, reserved 1069056K
  class space    used 2412K, capacity 2559K, committed 2560K, reserved 1048576K
Event: 10.717 GC heap after
Heap after GC invocations=9 (full 1):
 PSYoungGen      total 143360K, used 0K [0x00000000d5d80000, 0x00000000df480000, 0x0000000100000000)
  eden space 133120K, 0% used [0x00000000d5d80000,0x00000000d5d80000,0x00000000ddf80000)
  from space 10240K, 0% used [0x00000000dea80000,0x00000000dea80000,0x00000000df480000)
  to   space 10752K, 0% used [0x00000000ddf80000,0x00000000ddf80000,0x00000000dea00000)
 ParOldGen       total 67072K, used 16134K [0x0000000081800000, 0x0000000085980000, 0x00000000d5d80000)
  object space 67072K, 24% used [0x0000000081800000,0x00000000827c1ab8,0x0000000085980000)
 Metaspace       used 20709K, capacity 21214K, committed 21248K, reserved 1069056K
  class space    used 2412K, capacity 2559K, committed 2560K, reserved 1048576K
}
Event: 13.543 GC heap before
{Heap before GC invocations=10 (full 1):
 PSYoungGen      total 143360K, used 133120K [0x00000000d5d80000, 0x00000000df480000, 0x0000000100000000)
  eden space 133120K, 100% used [0x00000000d5d80000,0x00000000ddf80000,0x00000000ddf80000)
  from space 10240K, 0% used [0x00000000dea80000,0x00000000dea80000,0x00000000df480000)
  to   space 10752K, 0% used [0x00000000ddf80000,0x00000000ddf80000,0x00000000dea00000)
 ParOldGen       total 67072K, used 16134K [0x0000000081800000, 0x0000000085980000, 0x00000000d5d80000)
  object space 67072K, 24% used [0x0000000081800000,0x00000000827c1ab8,0x0000000085980000)
 Metaspace       used 24280K, capacity 24866K, committed 25088K, reserved 1071104K
  class space    used 2798K, capacity 2966K, committed 3072K, reserved 1048576K
Event: 13.599 GC heap after
Heap after GC invocations=10 (full 1):
 PSYoungGen      total 143872K, used 10729K [0x00000000d5d80000, 0x00000000df480000, 0x0000000100000000)
  eden space 133120K, 0% used [0x00000000d5d80000,0x00000000d5d80000,0x00000000ddf80000)
  from space 10752K, 99% used [0x00000000ddf80000,0x00000000de9fa4a0,0x00000000dea00000)
  to   space 10240K, 0% used [0x00000000dea80000,0x00000000dea80000,0x00000000df480000)
 ParOldGen       total 67072K, used 25683K [0x0000000081800000, 0x0000000085980000, 0x00000000d5d80000)
  object space 67072K, 38% used [0x0000000081800000,0x0000000083114fd0,0x0000000085980000)
 Metaspace       used 24280K, capacity 24866K, committed 25088K, reserved 1071104K
  class space    used 2798K, capacity 2966K, committed 3072K, reserved 1048576K
}

