# JRE version: Java(TM) SE Runtime Environment (8.0_171-b11) (build 1.8.0_171-b11)
# Java VM: Java HotSpot(TM) 64-Bit Server VM (25.171-b11 mixed mode windows-amd64 compressed oops)
Heap:
 PSYoungGen      total 478208K, used 334715K [0x00000000d5d80000, 0x00000000fba00000, 0x0000000100000000)
  eden space 424960K, 78% used [0x00000000d5d80000,0x00000000ea45ec90,0x00000000efc80000)
  from space 53248K, 0% used [0x00000000efc80000,0x00000000efc80000,0x00000000f3080000)
  to   space 53248K, 0% used [0x00000000f8600000,0x00000000f8600000,0x00000000fba00000)
 ParOldGen       total 142336K, used 38673K [0x0000000081800000, 0x000000008a300000, 0x00000000d5d80000)
  object space 142336K, 27% used [0x0000000081800000,0x0000000083dc4720,0x000000008a300000)
 Metaspace       used 55999K, capacity 57222K, committed 57472K, reserved 1099776K
  class space    used 6368K, capacity 6671K, committed 6784K, reserved 1048576K
GC Heap History (10 events):
Event: 32.194 GC heap before
{Heap before GC invocations=16 (full 2):
 PSYoungGen      total 267776K, used 234496K [0x00000000d5d80000, 0x00000000ee980000, 0x0000000100000000)
  eden space 234496K, 100% used [0x00000000d5d80000,0x00000000e4280000,0x00000000e4280000)
  from space 33280K, 0% used [0x00000000e4280000,0x00000000e4280000,0x00000000e6300000)
  to   space 40960K, 0% used [0x00000000ec180000,0x00000000ec180000,0x00000000ee980000)
 ParOldGen       total 147456K, used 65914K [0x0000000081800000, 0x000000008a800000, 0x00000000d5d80000)
  object space 147456K, 44% used [0x0000000081800000,0x000000008585eb50,0x000000008a800000)
 Metaspace       used 24390K, capacity 25004K, committed 25344K, reserved 1071104K
  class space    used 2800K, capacity 2968K, committed 3072K, reserved 1048576K
Event: 32.284 GC heap after
Heap after GC invocations=16 (full 2):
 PSYoungGen      total 358912K, used 35398K [0x00000000d5d80000, 0x00000000eec00000, 0x0000000100000000)
  eden space 317952K, 0% used [0x00000000d5d80000,0x00000000d5d80000,0x00000000e9400000)
  from space 40960K, 86% used [0x00000000ec180000,0x00000000ee411bd0,0x00000000ee980000)
  to   space 45056K, 0% used [0x00000000e9400000,0x00000000e9400000,0x00000000ec000000)
 ParOldGen       total 147456K, used 65914K [0x0000000081800000, 0x000000008a800000, 0x00000000d5d80000)
  object space 147456K, 44% used [0x0000000081800000,0x000000008585eb50,0x000000008a800000)
 Metaspace       used 24390K, capacity 25004K, committed 25344K, reserved 1071104K
  class space    used 2800K, capacity 2968K, committed 3072K, reserved 1048576K
}
Event: 35.621 GC heap before
{Heap before GC invocations=17 (full 2):
 PSYoungGen      total 358912K, used 353350K [0x00000000d5d80000, 0x00000000eec00000, 0x0000000100000000)
  eden space 317952K, 100% used [0x00000000d5d80000,0x00000000e9400000,0x00000000e9400000)
  from space 40960K, 86% used [0x00000000ec180000,0x00000000ee411bd0,0x00000000ee980000)
  to   space 45056K, 0% used [0x00000000e9400000,0x00000000e9400000,0x00000000ec000000)
 ParOldGen       total 147456K, used 65914K [0x0000000081800000, 0x000000008a800000, 0x00000000d5d80000)
  object space 147456K, 44% used [0x0000000081800000,0x000000008585eb50,0x000000008a800000)
 Metaspace       used 24404K, capacity 25004K, committed 25344K, reserved 1071104K
  class space    used 2802K, capacity 2968K, committed 3072K, reserved 1048576K
Event: 35.712 GC heap after
Heap after GC invocations=17 (full 2):
 PSYoungGen      total 363008K, used 45029K [0x00000000d5d80000, 0x00000000f7080000, 0x0000000100000000)
  eden space 317952K, 0% used [0x00000000d5d80000,0x00000000d5d80000,0x00000000e9400000)
  from space 45056K, 99% used [0x00000000e9400000,0x00000000ebff9498,0x00000000ec000000)
  to   space 55296K, 0% used [0x00000000f3a80000,0x00000000f3a80000,0x00000000f7080000)
 ParOldGen       total 147456K, used 74547K [0x0000000081800000, 0x000000008a800000, 0x00000000d5d80000)
  object space 147456K, 50% used [0x0000000081800000,0x00000000860ccdf0,0x000000008a800000)
 Metaspace       used 24404K, capacity 25004K, committed 25344K, reserved 1071104K
  class space    used 2802K, capacity 2968K, committed 3072K, reserved 1048576K
}
Event: 44.569 GC heap before
{Heap before GC invocations=18 (full 2):
 PSYoungGen      total 363008K, used 362981K [0x00000000d5d80000, 0x00000000f7080000, 0x0000000100000000)
  eden space 317952K, 100% used [0x00000000d5d80000,0x00000000e9400000,0x00000000e9400000)
  from space 45056K, 99% used [0x00000000e9400000,0x00000000ebff9498,0x00000000ec000000)
  to   space 55296K, 0% used [0x00000000f3a80000,0x00000000f3a80000,0x00000000f7080000)
 ParOldGen       total 147456K, used 74547K [0x0000000081800000, 0x000000008a800000, 0x00000000d5d80000)
  object space 147456K, 50% used [0x0000000081800000,0x00000000860ccdf0,0x000000008a800000)
 Metaspace       used 39720K, capacity 40550K, committed 40704K, reserved 1085440K
  class space    used 4624K, capacity 4853K, committed 4864K, reserved 1048576K
Event: 44.637 GC heap after
Heap after GC invocations=18 (full 2):
 PSYoungGen      total 467968K, used 24950K [0x00000000d5d80000, 0x00000000f6480000, 0x0000000100000000)
  eden space 424960K, 0% used [0x00000000d5d80000,0x00000000d5d80000,0x00000000efc80000)
  from space 43008K, 58% used [0x00000000f3a80000,0x00000000f52dd8c0,0x00000000f6480000)
  to   space 53248K, 0% used [0x00000000efc80000,0x00000000efc80000,0x00000000f3080000)
 ParOldGen       total 147456K, used 78693K [0x0000000081800000, 0x000000008a800000, 0x00000000d5d80000)
  object space 147456K, 53% used [0x0000000081800000,0x00000000864d96e0,0x000000008a800000)
 Metaspace       used 39720K, capacity 40550K, committed 40704K, reserved 1085440K
  class space    used 4624K, capacity 4853K, committed 4864K, reserved 1048576K
}
Event: 48.242 GC heap before
{Heap before GC invocations=19 (full 2):
 PSYoungGen      total 467968K, used 185827K [0x00000000d5d80000, 0x00000000f6480000, 0x0000000100000000)
  eden space 424960K, 37% used [0x00000000d5d80000,0x00000000dfa9b670,0x00000000efc80000)
  from space 43008K, 58% used [0x00000000f3a80000,0x00000000f52dd8c0,0x00000000f6480000)
  to   space 53248K, 0% used [0x00000000efc80000,0x00000000efc80000,0x00000000f3080000)
 ParOldGen       total 147456K, used 78693K [0x0000000081800000, 0x000000008a800000, 0x00000000d5d80000)
  object space 147456K, 53% used [0x0000000081800000,0x00000000864d96e0,0x000000008a800000)
 Metaspace       used 41270K, capacity 42132K, committed 42240K, reserved 1087488K
  class space    used 4756K, capacity 4988K, committed 4992K, reserved 1048576K
Event: 48.268 GC heap after
Heap after GC invocations=19 (full 2):
 PSYoungGen      total 478208K, used 2901K [0x00000000d5d80000, 0x00000000fba00000, 0x0000000100000000)
  eden space 424960K, 0% used [0x00000000d5d80000,0x00000000d5d80000,0x00000000efc80000)
  from space 53248K, 5% used [0x00000000efc80000,0x00000000eff55680,0x00000000f3080000)
  to   space 53248K, 0% used [0x00000000f8600000,0x00000000f8600000,0x00000000fba00000)
 ParOldGen       total 147456K, used 88602K [0x0000000081800000, 0x000000008a800000, 0x00000000d5d80000)
  object space 147456K, 60% used [0x0000000081800000,0x0000000086e86be8,0x000000008a800000)
 Metaspace       used 41270K, capacity 42132K, committed 42240K, reserved 1087488K
  class space    used 4756K, capacity 4988K, committed 4992K, reserved 1048576K
}
Event: 48.268 GC heap before
{Heap before GC invocations=20 (full 3):
 PSYoungGen      total 478208K, used 2901K [0x00000000d5d80000, 0x00000000fba00000, 0x0000000100000000)
  eden space 424960K, 0% used [0x00000000d5d80000,0x00000000d5d80000,0x00000000efc80000)
  from space 53248K, 5% used [0x00000000efc80000,0x00000000eff55680,0x00000000f3080000)
  to   space 53248K, 0% used [0x00000000f8600000,0x00000000f8600000,0x00000000fba00000)
 ParOldGen       total 147456K, used 88602K [0x0000000081800000, 0x000000008a800000, 0x00000000d5d80000)
  object space 147456K, 60% used [0x0000000081800000,0x0000000086e86be8,0x000000008a800000)
 Metaspace       used 41270K, capacity 42132K, committed 42240K, reserved 1087488K
  class space    used 4756K, capacity 4988K, committed 4992K, reserved 1048576K
Event: 48.594 GC heap after
Heap after GC invocations=20 (full 3):
 PSYoungGen      total 478208K, used 0K [0x00000000d5d80000, 0x00000000fba00000, 0x0000000100000000)
  eden space 424960K, 0% used [0x00000000d5d80000,0x00000000d5d80000,0x00000000efc80000)
  from space 53248K, 0% used [0x00000000efc80000,0x00000000efc80000,0x00000000f3080000)
  to   space 53248K, 0% used [0x00000000f8600000,0x00000000f8600000,0x00000000fba00000)
 ParOldGen       total 142336K, used 38673K [0x0000000081800000, 0x000000008a300000, 0x00000000d5d80000)
  object space 142336K, 27% used [0x0000000081800000,0x0000000083dc4720,0x000000008a300000)
 Metaspace       used 41270K, capacity 42132K, committed 42240K, reserved 1087488K
  class space    used 4756K, capacity 4988K, committed 4992K, reserved 1048576K
}

