# JRE version: Java(TM) SE Runtime Environment (8.0_171-b11) (build 1.8.0_171-b11)
# Java VM: Java HotSpot(TM) 64-Bit Server VM (25.171-b11 mixed mode windows-amd64 compressed oops)
Heap:
 PSYoungGen      total 365056K, used 262153K [0x00000000d5d80000, 0x00000000eff00000, 0x0000000100000000)
  eden space 325120K, 80% used [0x00000000d5d80000,0x00000000e5d82768,0x00000000e9b00000)
  from space 39936K, 0% used [0x00000000ec600000,0x00000000ec600000,0x00000000eed00000)
  to   space 44032K, 0% used [0x00000000e9b00000,0x00000000e9b00000,0x00000000ec600000)
 ParOldGen       total 145920K, used 69650K [0x0000000081800000, 0x000000008a680000, 0x00000000d5d80000)
  object space 145920K, 47% used [0x0000000081800000,0x0000000085c04a28,0x000000008a680000)
 Metaspace       used 24418K, capacity 25076K, committed 25264K, reserved 1071104K
  class space    used 2805K, capacity 2970K, committed 2992K, reserved 1048576K
GC Heap History (10 events):
Event: 27.257 GC heap before
{Heap before GC invocations=12 (full 1):
 PSYoungGen      total 185344K, used 185326K [0x00000000d5d80000, 0x00000000e3680000, 0x0000000100000000)
  eden space 168960K, 100% used [0x00000000d5d80000,0x00000000e0280000,0x00000000e0280000)
  from space 16384K, 99% used [0x00000000e1800000,0x00000000e27fb8d8,0x00000000e2800000)
  to   space 22016K, 0% used [0x00000000e0280000,0x00000000e0280000,0x00000000e1800000)
 ParOldGen       total 71680K, used 35471K [0x0000000081800000, 0x0000000085e00000, 0x00000000d5d80000)
  object space 71680K, 49% used [0x0000000081800000,0x0000000083aa3e60,0x0000000085e00000)
 Metaspace       used 24386K, capacity 24974K, committed 25264K, reserved 1071104K
  class space    used 2800K, capacity 2936K, committed 2992K, reserved 1048576K
Event: 27.319 GC heap after
Heap after GC invocations=12 (full 1):
 PSYoungGen      total 190976K, used 21986K [0x00000000d5d80000, 0x00000000e7a00000, 0x0000000100000000)
  eden space 168960K, 0% used [0x00000000d5d80000,0x00000000d5d80000,0x00000000e0280000)
  from space 22016K, 99% used [0x00000000e0280000,0x00000000e17f8920,0x00000000e1800000)
  to   space 29184K, 0% used [0x00000000e5d80000,0x00000000e5d80000,0x00000000e7a00000)
 ParOldGen       total 71680K, used 46924K [0x0000000081800000, 0x0000000085e00000, 0x00000000d5d80000)
  object space 71680K, 65% used [0x0000000081800000,0x00000000845d3398,0x0000000085e00000)
 Metaspace       used 24386K, capacity 24974K, committed 25264K, reserved 1071104K
  class space    used 2800K, capacity 2936K, committed 2992K, reserved 1048576K
}
Event: 29.154 GC heap before
{Heap before GC invocations=13 (full 1):
 PSYoungGen      total 190976K, used 190946K [0x00000000d5d80000, 0x00000000e7a00000, 0x0000000100000000)
  eden space 168960K, 100% used [0x00000000d5d80000,0x00000000e0280000,0x00000000e0280000)
  from space 22016K, 99% used [0x00000000e0280000,0x00000000e17f8920,0x00000000e1800000)
  to   space 29184K, 0% used [0x00000000e5d80000,0x00000000e5d80000,0x00000000e7a00000)
 ParOldGen       total 71680K, used 46924K [0x0000000081800000, 0x0000000085e00000, 0x00000000d5d80000)
  object space 71680K, 65% used [0x0000000081800000,0x00000000845d3398,0x0000000085e00000)
 Metaspace       used 24402K, capacity 25006K, committed 25264K, reserved 1071104K
  class space    used 2803K, capacity 2968K, committed 2992K, reserved 1048576K
Event: 29.193 GC heap after
Heap after GC invocations=13 (full 1):
 PSYoungGen      total 259072K, used 25997K [0x00000000d5d80000, 0x00000000e8180000, 0x0000000100000000)
  eden space 229888K, 0% used [0x00000000d5d80000,0x00000000d5d80000,0x00000000e3e00000)
  from space 29184K, 89% used [0x00000000e5d80000,0x00000000e76e3618,0x00000000e7a00000)
  to   space 32256K, 0% used [0x00000000e3e00000,0x00000000e3e00000,0x00000000e5d80000)
 ParOldGen       total 71680K, used 51022K [0x0000000081800000, 0x0000000085e00000, 0x00000000d5d80000)
  object space 71680K, 71% used [0x0000000081800000,0x00000000849d3b20,0x0000000085e00000)
 Metaspace       used 24402K, capacity 25006K, committed 25264K, reserved 1071104K
  class space    used 2803K, capacity 2968K, committed 2992K, reserved 1048576K
}
Event: 32.460 GC heap before
{Heap before GC invocations=14 (full 1):
 PSYoungGen      total 259072K, used 255885K [0x00000000d5d80000, 0x00000000e8180000, 0x0000000100000000)
  eden space 229888K, 100% used [0x00000000d5d80000,0x00000000e3e00000,0x00000000e3e00000)
  from space 29184K, 89% used [0x00000000e5d80000,0x00000000e76e3618,0x00000000e7a00000)
  to   space 32256K, 0% used [0x00000000e3e00000,0x00000000e3e00000,0x00000000e5d80000)
 ParOldGen       total 71680K, used 51022K [0x0000000081800000, 0x0000000085e00000, 0x00000000d5d80000)
  object space 71680K, 71% used [0x0000000081800000,0x00000000849d3b20,0x0000000085e00000)
 Metaspace       used 24403K, capacity 25006K, committed 25264K, reserved 1071104K
  class space    used 2803K, capacity 2968K, committed 2992K, reserved 1048576K
Event: 32.615 GC heap after
Heap after GC invocations=14 (full 1):
 PSYoungGen      total 262144K, used 32249K [0x00000000d5d80000, 0x00000000eed00000, 0x0000000100000000)
  eden space 229888K, 0% used [0x00000000d5d80000,0x00000000d5d80000,0x00000000e3e00000)
  from space 32256K, 99% used [0x00000000e3e00000,0x00000000e5d7e770,0x00000000e5d80000)
  to   space 39936K, 0% used [0x00000000ec600000,0x00000000ec600000,0x00000000eed00000)
 ParOldGen       total 71680K, used 58051K [0x0000000081800000, 0x0000000085e00000, 0x00000000d5d80000)
  object space 71680K, 80% used [0x0000000081800000,0x00000000850b0f90,0x0000000085e00000)
 Metaspace       used 24403K, capacity 25006K, committed 25264K, reserved 1071104K
  class space    used 2803K, capacity 2968K, committed 2992K, reserved 1048576K
}
Event: 35.408 GC heap before
{Heap before GC invocations=15 (full 1):
 PSYoungGen      total 262144K, used 262137K [0x00000000d5d80000, 0x00000000eed00000, 0x0000000100000000)
  eden space 229888K, 100% used [0x00000000d5d80000,0x00000000e3e00000,0x00000000e3e00000)
  from space 32256K, 99% used [0x00000000e3e00000,0x00000000e5d7e770,0x00000000e5d80000)
  to   space 39936K, 0% used [0x00000000ec600000,0x00000000ec600000,0x00000000eed00000)
 ParOldGen       total 71680K, used 58051K [0x0000000081800000, 0x0000000085e00000, 0x00000000d5d80000)
  object space 71680K, 80% used [0x0000000081800000,0x00000000850b0f90,0x0000000085e00000)
 Metaspace       used 24406K, capacity 25006K, committed 25264K, reserved 1071104K
  class space    used 2803K, capacity 2968K, committed 2992K, reserved 1048576K
Event: 35.631 GC heap after
Heap after GC invocations=15 (full 1):
 PSYoungGen      total 365056K, used 34688K [0x00000000d5d80000, 0x00000000eff00000, 0x0000000100000000)
  eden space 325120K, 0% used [0x00000000d5d80000,0x00000000d5d80000,0x00000000e9b00000)
  from space 39936K, 86% used [0x00000000ec600000,0x00000000ee7e0118,0x00000000eed00000)
  to   space 44032K, 0% used [0x00000000e9b00000,0x00000000e9b00000,0x00000000ec600000)
 ParOldGen       total 71680K, used 62644K [0x0000000081800000, 0x0000000085e00000, 0x00000000d5d80000)
  object space 71680K, 87% used [0x0000000081800000,0x000000008552d358,0x0000000085e00000)
 Metaspace       used 24406K, capacity 25006K, committed 25264K, reserved 1071104K
  class space    used 2803K, capacity 2968K, committed 2992K, reserved 1048576K
}
Event: 35.632 GC heap before
{Heap before GC invocations=16 (full 2):
 PSYoungGen      total 365056K, used 34688K [0x00000000d5d80000, 0x00000000eff00000, 0x0000000100000000)
  eden space 325120K, 0% used [0x00000000d5d80000,0x00000000d5d80000,0x00000000e9b00000)
  from space 39936K, 86% used [0x00000000ec600000,0x00000000ee7e0118,0x00000000eed00000)
  to   space 44032K, 0% used [0x00000000e9b00000,0x00000000e9b00000,0x00000000ec600000)
 ParOldGen       total 71680K, used 62644K [0x0000000081800000, 0x0000000085e00000, 0x00000000d5d80000)
  object space 71680K, 87% used [0x0000000081800000,0x000000008552d358,0x0000000085e00000)
 Metaspace       used 24406K, capacity 25006K, committed 25264K, reserved 1071104K
  class space    used 2803K, capacity 2968K, committed 2992K, reserved 1048576K
Event: 36.079 GC heap after
Heap after GC invocations=16 (full 2):
 PSYoungGen      total 365056K, used 0K [0x00000000d5d80000, 0x00000000eff00000, 0x0000000100000000)
  eden space 325120K, 0% used [0x00000000d5d80000,0x00000000d5d80000,0x00000000e9b00000)
  from space 39936K, 0% used [0x00000000ec600000,0x00000000ec600000,0x00000000eed00000)
  to   space 44032K, 0% used [0x00000000e9b00000,0x00000000e9b00000,0x00000000ec600000)
 ParOldGen       total 145920K, used 69650K [0x0000000081800000, 0x000000008a680000, 0x00000000d5d80000)
  object space 145920K, 47% used [0x0000000081800000,0x0000000085c04a28,0x000000008a680000)
 Metaspace       used 24406K, capacity 25006K, committed 25264K, reserved 1071104K
  class space    used 2803K, capacity 2968K, committed 2992K, reserved 1048576K
}

