# JRE version: Java(TM) SE Runtime Environment (8.0_171-b11) (build 1.8.0_171-b11)
# Java VM: Java HotSpot(TM) 64-Bit Server VM (25.171-b11 mixed mode windows-amd64 compressed oops)
Heap:
 PSYoungGen      total 481792K, used 351859K [0x00000000d5d80000, 0x00000000fc700000, 0x0000000100000000)
  eden space 428544K, 82% used [0x00000000d5d80000,0x00000000eb51ce40,0x00000000f0000000)
  from space 53248K, 0% used [0x00000000f0000000,0x00000000f0000000,0x00000000f3400000)
  to   space 53760K, 0% used [0x00000000f9280000,0x00000000f9280000,0x00000000fc700000)
 ParOldGen       total 141312K, used 35670K [0x0000000081800000, 0x000000008a200000, 0x00000000d5d80000)
  object space 141312K, 25% used [0x0000000081800000,0x0000000083ad5a80,0x000000008a200000)
 Metaspace       used 53952K, capacity 55108K, committed 55344K, reserved 1097728K
  class space    used 6391K, capacity 6690K, committed 6704K, reserved 1048576K
GC Heap History (10 events):
Event: 21.628 GC heap before
{Heap before GC invocations=16 (full 2):
 PSYoungGen      total 279040K, used 246784K [0x00000000d5d80000, 0x00000000f0780000, 0x0000000100000000)
  eden space 246784K, 100% used [0x00000000d5d80000,0x00000000e4e80000,0x00000000e4e80000)
  from space 32256K, 0% used [0x00000000e4e80000,0x00000000e4e80000,0x00000000e6e00000)
  to   space 40448K, 0% used [0x00000000ee000000,0x00000000ee000000,0x00000000f0780000)
 ParOldGen       total 154624K, used 66949K [0x0000000081800000, 0x000000008af00000, 0x00000000d5d80000)
  object space 154624K, 43% used [0x0000000081800000,0x00000000859616e8,0x000000008af00000)
 Metaspace       used 24361K, capacity 24888K, committed 25008K, reserved 1071104K
  class space    used 2804K, capacity 2970K, committed 2992K, reserved 1048576K
Event: 21.686 GC heap after
Heap after GC invocations=16 (full 2):
 PSYoungGen      total 344576K, used 40437K [0x00000000d5d80000, 0x00000000f0780000, 0x0000000100000000)
  eden space 304128K, 0% used [0x00000000d5d80000,0x00000000d5d80000,0x00000000e8680000)
  from space 40448K, 99% used [0x00000000ee000000,0x00000000f077d640,0x00000000f0780000)
  to   space 48128K, 0% used [0x00000000ea980000,0x00000000ea980000,0x00000000ed880000)
 ParOldGen       total 154624K, used 70671K [0x0000000081800000, 0x000000008af00000, 0x00000000d5d80000)
  object space 154624K, 45% used [0x0000000081800000,0x0000000085d03f20,0x000000008af00000)
 Metaspace       used 24361K, capacity 24888K, committed 25008K, reserved 1071104K
  class space    used 2804K, capacity 2970K, committed 2992K, reserved 1048576K
}
Event: 24.719 GC heap before
{Heap before GC invocations=17 (full 2):
 PSYoungGen      total 344576K, used 344565K [0x00000000d5d80000, 0x00000000f0780000, 0x0000000100000000)
  eden space 304128K, 100% used [0x00000000d5d80000,0x00000000e8680000,0x00000000e8680000)
  from space 40448K, 99% used [0x00000000ee000000,0x00000000f077d640,0x00000000f0780000)
  to   space 48128K, 0% used [0x00000000ea980000,0x00000000ea980000,0x00000000ed880000)
 ParOldGen       total 154624K, used 70671K [0x0000000081800000, 0x000000008af00000, 0x00000000d5d80000)
  object space 154624K, 45% used [0x0000000081800000,0x0000000085d03f20,0x000000008af00000)
 Metaspace       used 24381K, capacity 25022K, committed 25264K, reserved 1071104K
  class space    used 2806K, capacity 2972K, committed 2992K, reserved 1048576K
Event: 25.770 GC heap after
Heap after GC invocations=17 (full 2):
 PSYoungGen      total 388096K, used 46744K [0x00000000d5d80000, 0x00000000f6a00000, 0x0000000100000000)
  eden space 339968K, 0% used [0x00000000d5d80000,0x00000000d5d80000,0x00000000ea980000)
  from space 48128K, 97% used [0x00000000ea980000,0x00000000ed726138,0x00000000ed880000)
  to   space 55296K, 0% used [0x00000000f3400000,0x00000000f3400000,0x00000000f6a00000)
 ParOldGen       total 154624K, used 78105K [0x0000000081800000, 0x000000008af00000, 0x00000000d5d80000)
  object space 154624K, 50% used [0x0000000081800000,0x00000000864465a0,0x000000008af00000)
 Metaspace       used 24381K, capacity 25022K, committed 25264K, reserved 1071104K
  class space    used 2806K, capacity 2972K, committed 2992K, reserved 1048576K
}
Event: 38.612 GC heap before
{Heap before GC invocations=18 (full 2):
 PSYoungGen      total 388096K, used 386712K [0x00000000d5d80000, 0x00000000f6a00000, 0x0000000100000000)
  eden space 339968K, 100% used [0x00000000d5d80000,0x00000000ea980000,0x00000000ea980000)
  from space 48128K, 97% used [0x00000000ea980000,0x00000000ed726138,0x00000000ed880000)
  to   space 55296K, 0% used [0x00000000f3400000,0x00000000f3400000,0x00000000f6a00000)
 ParOldGen       total 154624K, used 78105K [0x0000000081800000, 0x000000008af00000, 0x00000000d5d80000)
  object space 154624K, 50% used [0x0000000081800000,0x00000000864465a0,0x000000008af00000)
 Metaspace       used 40574K, capacity 41346K, committed 41520K, reserved 1085440K
  class space    used 4827K, capacity 5091K, committed 5168K, reserved 1048576K
Event: 38.836 GC heap after
Heap after GC invocations=18 (full 2):
 PSYoungGen      total 483840K, used 25409K [0x00000000d5d80000, 0x00000000f8d00000, 0x0000000100000000)
  eden space 428544K, 0% used [0x00000000d5d80000,0x00000000d5d80000,0x00000000f0000000)
  from space 55296K, 45% used [0x00000000f3400000,0x00000000f4cd0508,0x00000000f6a00000)
  to   space 53248K, 0% used [0x00000000f0000000,0x00000000f0000000,0x00000000f3400000)
 ParOldGen       total 154624K, used 81767K [0x0000000081800000, 0x000000008af00000, 0x00000000d5d80000)
  object space 154624K, 52% used [0x0000000081800000,0x00000000867d9fe8,0x000000008af00000)
 Metaspace       used 40574K, capacity 41346K, committed 41520K, reserved 1085440K
  class space    used 4827K, capacity 5091K, committed 5168K, reserved 1048576K
}
Event: 40.411 GC heap before
{Heap before GC invocations=19 (full 2):
 PSYoungGen      total 483840K, used 42784K [0x00000000d5d80000, 0x00000000f8d00000, 0x0000000100000000)
  eden space 428544K, 4% used [0x00000000d5d80000,0x00000000d6e77e50,0x00000000f0000000)
  from space 55296K, 45% used [0x00000000f3400000,0x00000000f4cd0508,0x00000000f6a00000)
  to   space 53248K, 0% used [0x00000000f0000000,0x00000000f0000000,0x00000000f3400000)
 ParOldGen       total 154624K, used 81767K [0x0000000081800000, 0x000000008af00000, 0x00000000d5d80000)
  object space 154624K, 52% used [0x0000000081800000,0x00000000867d9fe8,0x000000008af00000)
 Metaspace       used 40759K, capacity 41474K, committed 41680K, reserved 1085440K
  class space    used 4848K, capacity 5091K, committed 5168K, reserved 1048576K
Event: 40.425 GC heap after
Heap after GC invocations=19 (full 2):
 PSYoungGen      total 481792K, used 253K [0x00000000d5d80000, 0x00000000fc700000, 0x0000000100000000)
  eden space 428544K, 0% used [0x00000000d5d80000,0x00000000d5d80000,0x00000000f0000000)
  from space 53248K, 0% used [0x00000000f0000000,0x00000000f003f418,0x00000000f3400000)
  to   space 53760K, 0% used [0x00000000f9280000,0x00000000f9280000,0x00000000fc700000)
 ParOldGen       total 154624K, used 90299K [0x0000000081800000, 0x000000008af00000, 0x00000000d5d80000)
  object space 154624K, 58% used [0x0000000081800000,0x000000008702ec70,0x000000008af00000)
 Metaspace       used 40759K, capacity 41474K, committed 41680K, reserved 1085440K
  class space    used 4848K, capacity 5091K, committed 5168K, reserved 1048576K
}
Event: 40.425 GC heap before
{Heap before GC invocations=20 (full 3):
 PSYoungGen      total 481792K, used 253K [0x00000000d5d80000, 0x00000000fc700000, 0x0000000100000000)
  eden space 428544K, 0% used [0x00000000d5d80000,0x00000000d5d80000,0x00000000f0000000)
  from space 53248K, 0% used [0x00000000f0000000,0x00000000f003f418,0x00000000f3400000)
  to   space 53760K, 0% used [0x00000000f9280000,0x00000000f9280000,0x00000000fc700000)
 ParOldGen       total 154624K, used 90299K [0x0000000081800000, 0x000000008af00000, 0x00000000d5d80000)
  object space 154624K, 58% used [0x0000000081800000,0x000000008702ec70,0x000000008af00000)
 Metaspace       used 40759K, capacity 41474K, committed 41680K, reserved 1085440K
  class space    used 4848K, capacity 5091K, committed 5168K, reserved 1048576K
Event: 40.792 GC heap after
Heap after GC invocations=20 (full 3):
 PSYoungGen      total 481792K, used 0K [0x00000000d5d80000, 0x00000000fc700000, 0x0000000100000000)
  eden space 428544K, 0% used [0x00000000d5d80000,0x00000000d5d80000,0x00000000f0000000)
  from space 53248K, 0% used [0x00000000f0000000,0x00000000f0000000,0x00000000f3400000)
  to   space 53760K, 0% used [0x00000000f9280000,0x00000000f9280000,0x00000000fc700000)
 ParOldGen       total 141312K, used 35670K [0x0000000081800000, 0x000000008a200000, 0x00000000d5d80000)
  object space 141312K, 25% used [0x0000000081800000,0x0000000083ad5a80,0x000000008a200000)
 Metaspace       used 40759K, capacity 41474K, committed 41680K, reserved 1085440K
  class space    used 4848K, capacity 5091K, committed 5168K, reserved 1048576K
}

