# JRE version: Java(TM) SE Runtime Environment (8.0_171-b11) (build 1.8.0_171-b11)
# Java VM: Java HotSpot(TM) 64-Bit Server VM (25.171-b11 mixed mode windows-amd64 compressed oops)
Heap:
 PSYoungGen      total 119808K, used 49203K [0x00000000d5d80000, 0x00000000e0380000, 0x0000000100000000)
  eden space 116224K, 39% used [0x00000000d5d80000,0x00000000d8a14e48,0x00000000dcf00000)
  from space 3584K, 99% used [0x00000000de700000,0x00000000dea78010,0x00000000dea80000)
  to   space 24576K, 0% used [0x00000000dcf00000,0x00000000dcf00000,0x00000000de700000)
 ParOldGen       total 77312K, used 52677K [0x0000000081800000, 0x0000000086380000, 0x00000000d5d80000)
  object space 77312K, 68% used [0x0000000081800000,0x0000000084b714e0,0x0000000086380000)
 Metaspace       used 29943K, capacity 30556K, committed 30848K, reserved 1077248K
  class space    used 3458K, capacity 3647K, committed 3712K, reserved 1048576K
GC Heap History (10 events):
Event: 10.437 GC heap before
{Heap before GC invocations=7 (full 0):
 PSYoungGen      total 76800K, used 57384K [0x00000000d5d80000, 0x00000000db280000, 0x0000000100000000)
  eden space 66560K, 74% used [0x00000000d5d80000,0x00000000d8dc4fe0,0x00000000d9e80000)
  from space 10240K, 77% used [0x00000000da880000,0x00000000db045090,0x00000000db280000)
  to   space 10240K, 0% used [0x00000000d9e80000,0x00000000d9e80000,0x00000000da880000)
 ParOldGen       total 87552K, used 10030K [0x0000000081800000, 0x0000000086d80000, 0x00000000d5d80000)
  object space 87552K, 11% used [0x0000000081800000,0x00000000821cb9e8,0x0000000086d80000)
 Metaspace       used 20691K, capacity 21084K, committed 21296K, reserved 1069056K
  class space    used 2461K, capacity 2580K, committed 2688K, reserved 1048576K
Event: 10.472 GC heap after
Heap after GC invocations=7 (full 0):
 PSYoungGen      total 76800K, used 8329K [0x00000000d5d80000, 0x00000000df480000, 0x0000000100000000)
  eden space 66560K, 0% used [0x00000000d5d80000,0x00000000d5d80000,0x00000000d9e80000)
  from space 10240K, 81% used [0x00000000d9e80000,0x00000000da6a2418,0x00000000da880000)
  to   space 10752K, 0% used [0x00000000dea00000,0x00000000dea00000,0x00000000df480000)
 ParOldGen       total 87552K, used 11654K [0x0000000081800000, 0x0000000086d80000, 0x00000000d5d80000)
  object space 87552K, 13% used [0x0000000081800000,0x0000000082361a48,0x0000000086d80000)
 Metaspace       used 20691K, capacity 21084K, committed 21296K, reserved 1069056K
  class space    used 2461K, capacity 2580K, committed 2688K, reserved 1048576K
}
Event: 10.472 GC heap before
{Heap before GC invocations=8 (full 1):
 PSYoungGen      total 76800K, used 8329K [0x00000000d5d80000, 0x00000000df480000, 0x0000000100000000)
  eden space 66560K, 0% used [0x00000000d5d80000,0x00000000d5d80000,0x00000000d9e80000)
  from space 10240K, 81% used [0x00000000d9e80000,0x00000000da6a2418,0x00000000da880000)
  to   space 10752K, 0% used [0x00000000dea00000,0x00000000dea00000,0x00000000df480000)
 ParOldGen       total 87552K, used 11654K [0x0000000081800000, 0x0000000086d80000, 0x00000000d5d80000)
  object space 87552K, 13% used [0x0000000081800000,0x0000000082361a48,0x0000000086d80000)
 Metaspace       used 20691K, capacity 21084K, committed 21296K, reserved 1069056K
  class space    used 2461K, capacity 2580K, committed 2688K, reserved 1048576K
Event: 10.875 GC heap after
Heap after GC invocations=8 (full 1):
 PSYoungGen      total 76800K, used 0K [0x00000000d5d80000, 0x00000000df480000, 0x0000000100000000)
  eden space 66560K, 0% used [0x00000000d5d80000,0x00000000d5d80000,0x00000000d9e80000)
  from space 10240K, 0% used [0x00000000d9e80000,0x00000000d9e80000,0x00000000da880000)
  to   space 10752K, 0% used [0x00000000dea00000,0x00000000dea00000,0x00000000df480000)
 ParOldGen       total 77312K, used 15236K [0x0000000081800000, 0x0000000086380000, 0x00000000d5d80000)
  object space 77312K, 19% used [0x0000000081800000,0x00000000826e1210,0x0000000086380000)
 Metaspace       used 20691K, capacity 21084K, committed 21296K, reserved 1069056K
  class space    used 2461K, capacity 2580K, committed 2688K, reserved 1048576K
}
Event: 14.070 GC heap before
{Heap before GC invocations=9 (full 1):
 PSYoungGen      total 76800K, used 66560K [0x00000000d5d80000, 0x00000000df480000, 0x0000000100000000)
  eden space 66560K, 100% used [0x00000000d5d80000,0x00000000d9e80000,0x00000000d9e80000)
  from space 10240K, 0% used [0x00000000d9e80000,0x00000000d9e80000,0x00000000da880000)
  to   space 10752K, 0% used [0x00000000dea00000,0x00000000dea00000,0x00000000df480000)
 ParOldGen       total 77312K, used 15236K [0x0000000081800000, 0x0000000086380000, 0x00000000d5d80000)
  object space 77312K, 19% used [0x0000000081800000,0x00000000826e1210,0x0000000086380000)
 Metaspace       used 23002K, capacity 23438K, committed 23552K, reserved 1071104K
  class space    used 2666K, capacity 2807K, committed 2816K, reserved 1048576K
Event: 14.102 GC heap after
Heap after GC invocations=9 (full 1):
 PSYoungGen      total 94720K, used 10727K [0x00000000d5d80000, 0x00000000df480000, 0x0000000100000000)
  eden space 83968K, 0% used [0x00000000d5d80000,0x00000000d5d80000,0x00000000daf80000)
  from space 10752K, 99% used [0x00000000dea00000,0x00000000df479e20,0x00000000df480000)
  to   space 13824K, 0% used [0x00000000dd980000,0x00000000dd980000,0x00000000de700000)
 ParOldGen       total 77312K, used 20073K [0x0000000081800000, 0x0000000086380000, 0x00000000d5d80000)
  object space 77312K, 25% used [0x0000000081800000,0x0000000082b9a4f8,0x0000000086380000)
 Metaspace       used 23002K, capacity 23438K, committed 23552K, reserved 1071104K
  class space    used 2666K, capacity 2807K, committed 2816K, reserved 1048576K
}
Event: 19.628 GC heap before
{Heap before GC invocations=10 (full 1):
 PSYoungGen      total 94720K, used 94695K [0x00000000d5d80000, 0x00000000df480000, 0x0000000100000000)
  eden space 83968K, 100% used [0x00000000d5d80000,0x00000000daf80000,0x00000000daf80000)
  from space 10752K, 99% used [0x00000000dea00000,0x00000000df479e20,0x00000000df480000)
  to   space 13824K, 0% used [0x00000000dd980000,0x00000000dd980000,0x00000000de700000)
 ParOldGen       total 77312K, used 20073K [0x0000000081800000, 0x0000000086380000, 0x00000000d5d80000)
  object space 77312K, 25% used [0x0000000081800000,0x0000000082b9a4f8,0x0000000086380000)
 Metaspace       used 29893K, capacity 30428K, committed 30592K, reserved 1077248K
  class space    used 3458K, capacity 3647K, committed 3712K, reserved 1048576K
Event: 19.681 GC heap after
Heap after GC invocations=10 (full 1):
 PSYoungGen      total 110592K, used 13801K [0x00000000d5d80000, 0x00000000dea80000, 0x0000000100000000)
  eden space 96768K, 0% used [0x00000000d5d80000,0x00000000d5d80000,0x00000000dbc00000)
  from space 13824K, 99% used [0x00000000dd980000,0x00000000de6fa430,0x00000000de700000)
  to   space 3584K, 0% used [0x00000000de700000,0x00000000de700000,0x00000000dea80000)
 ParOldGen       total 77312K, used 27798K [0x0000000081800000, 0x0000000086380000, 0x00000000d5d80000)
  object space 77312K, 35% used [0x0000000081800000,0x0000000083325988,0x0000000086380000)
 Metaspace       used 29893K, capacity 30428K, committed 30592K, reserved 1077248K
  class space    used 3458K, capacity 3647K, committed 3712K, reserved 1048576K
}
Event: 20.997 GC heap before
{Heap before GC invocations=11 (full 1):
 PSYoungGen      total 110592K, used 110569K [0x00000000d5d80000, 0x00000000dea80000, 0x0000000100000000)
  eden space 96768K, 100% used [0x00000000d5d80000,0x00000000dbc00000,0x00000000dbc00000)
  from space 13824K, 99% used [0x00000000dd980000,0x00000000de6fa430,0x00000000de700000)
  to   space 3584K, 0% used [0x00000000de700000,0x00000000de700000,0x00000000dea80000)
 ParOldGen       total 77312K, used 27798K [0x0000000081800000, 0x0000000086380000, 0x00000000d5d80000)
  object space 77312K, 35% used [0x0000000081800000,0x0000000083325988,0x0000000086380000)
 Metaspace       used 29936K, capacity 30556K, committed 30848K, reserved 1077248K
  class space    used 3458K, capacity 3647K, committed 3712K, reserved 1048576K
Event: 21.091 GC heap after
Heap after GC invocations=11 (full 1):
 PSYoungGen      total 119808K, used 3552K [0x00000000d5d80000, 0x00000000e0380000, 0x0000000100000000)
  eden space 116224K, 0% used [0x00000000d5d80000,0x00000000d5d80000,0x00000000dcf00000)
  from space 3584K, 99% used [0x00000000de700000,0x00000000dea78010,0x00000000dea80000)
  to   space 24576K, 0% used [0x00000000dcf00000,0x00000000dcf00000,0x00000000de700000)
 ParOldGen       total 77312K, used 52677K [0x0000000081800000, 0x0000000086380000, 0x00000000d5d80000)
  object space 77312K, 68% used [0x0000000081800000,0x0000000084b714e0,0x0000000086380000)
 Metaspace       used 29936K, capacity 30556K, committed 30848K, reserved 1077248K
  class space    used 3458K, capacity 3647K, committed 3712K, reserved 1048576K
}

