# JRE version: Java(TM) SE Runtime Environment (8.0_171-b11) (build 1.8.0_171-b11)
# Java VM: Java HotSpot(TM) 64-Bit Server VM (25.171-b11 mixed mode windows-amd64 compressed oops)
Heap:
 PSYoungGen      total 573952K, used 83503K [0x00000000d5d80000, 0x00000000fcc80000, 0x0000000100000000)
  eden space 525312K, 7% used [0x00000000d5d80000,0x00000000d846c9f8,0x00000000f5e80000)
  from space 48640K, 89% used [0x00000000f9300000,0x00000000fbd9f280,0x00000000fc280000)
  to   space 53760K, 0% used [0x00000000f5e80000,0x00000000f5e80000,0x00000000f9300000)
 ParOldGen       total 154112K, used 50132K [0x0000000081800000, 0x000000008ae80000, 0x00000000d5d80000)
  object space 154112K, 32% used [0x0000000081800000,0x00000000848f5248,0x000000008ae80000)
 Metaspace       used 60709K, capacity 62490K, committed 62680K, reserved 1103872K
  class space    used 6918K, capacity 7323K, committed 7424K, reserved 1048576K
GC Heap History (10 events):
Event: 823.623 GC heap before
{Heap before GC invocations=25 (full 3):
 PSYoungGen      total 437248K, used 409792K [0x00000000d5d80000, 0x00000000f6880000, 0x0000000100000000)
  eden space 391680K, 100% used [0x00000000d5d80000,0x00000000edc00000,0x00000000edc00000)
  from space 45568K, 39% used [0x00000000edc00000,0x00000000eedb0058,0x00000000f0880000)
  to   space 43520K, 0% used [0x00000000f3e00000,0x00000000f3e00000,0x00000000f6880000)
 ParOldGen       total 154112K, used 50092K [0x0000000081800000, 0x000000008ae80000, 0x00000000d5d80000)
  object space 154112K, 32% used [0x0000000081800000,0x00000000848eb248,0x000000008ae80000)
 Metaspace       used 59468K, capacity 61128K, committed 61272K, reserved 1103872K
  class space    used 6866K, capacity 7214K, committed 7296K, reserved 1048576K
Event: 823.648 GC heap after
Heap after GC invocations=25 (full 3):
 PSYoungGen      total 470528K, used 21956K [0x00000000d5d80000, 0x00000000f5c80000, 0x0000000100000000)
  eden space 439296K, 0% used [0x00000000d5d80000,0x00000000d5d80000,0x00000000f0a80000)
  from space 31232K, 70% used [0x00000000f3e00000,0x00000000f53712b0,0x00000000f5c80000)
  to   space 41984K, 0% used [0x00000000f0a80000,0x00000000f0a80000,0x00000000f3380000)
 ParOldGen       total 154112K, used 50100K [0x0000000081800000, 0x000000008ae80000, 0x00000000d5d80000)
  object space 154112K, 32% used [0x0000000081800000,0x00000000848ed248,0x000000008ae80000)
 Metaspace       used 59468K, capacity 61128K, committed 61272K, reserved 1103872K
  class space    used 6866K, capacity 7214K, committed 7296K, reserved 1048576K
}
Event: 830.746 GC heap before
{Heap before GC invocations=26 (full 3):
 PSYoungGen      total 470528K, used 461252K [0x00000000d5d80000, 0x00000000f5c80000, 0x0000000100000000)
  eden space 439296K, 100% used [0x00000000d5d80000,0x00000000f0a80000,0x00000000f0a80000)
  from space 31232K, 70% used [0x00000000f3e00000,0x00000000f53712b0,0x00000000f5c80000)
  to   space 41984K, 0% used [0x00000000f0a80000,0x00000000f0a80000,0x00000000f3380000)
 ParOldGen       total 154112K, used 50100K [0x0000000081800000, 0x000000008ae80000, 0x00000000d5d80000)
  object space 154112K, 32% used [0x0000000081800000,0x00000000848ed248,0x000000008ae80000)
 Metaspace       used 59963K, capacity 61750K, committed 61784K, reserved 1103872K
  class space    used 6897K, capacity 7291K, committed 7296K, reserved 1048576K
Event: 830.779 GC heap after
Heap after GC invocations=26 (full 3):
 PSYoungGen      total 481280K, used 27436K [0x00000000d5d80000, 0x00000000f8d80000, 0x0000000100000000)
  eden space 439296K, 0% used [0x00000000d5d80000,0x00000000d5d80000,0x00000000f0a80000)
  from space 41984K, 65% used [0x00000000f0a80000,0x00000000f254b2d8,0x00000000f3380000)
  to   space 42496K, 0% used [0x00000000f6400000,0x00000000f6400000,0x00000000f8d80000)
 ParOldGen       total 154112K, used 50108K [0x0000000081800000, 0x000000008ae80000, 0x00000000d5d80000)
  object space 154112K, 32% used [0x0000000081800000,0x00000000848ef248,0x000000008ae80000)
 Metaspace       used 59963K, capacity 61750K, committed 61784K, reserved 1103872K
  class space    used 6897K, capacity 7291K, committed 7296K, reserved 1048576K
}
Event: 836.739 GC heap before
{Heap before GC invocations=27 (full 3):
 PSYoungGen      total 481280K, used 466732K [0x00000000d5d80000, 0x00000000f8d80000, 0x0000000100000000)
  eden space 439296K, 100% used [0x00000000d5d80000,0x00000000f0a80000,0x00000000f0a80000)
  from space 41984K, 65% used [0x00000000f0a80000,0x00000000f254b2d8,0x00000000f3380000)
  to   space 42496K, 0% used [0x00000000f6400000,0x00000000f6400000,0x00000000f8d80000)
 ParOldGen       total 154112K, used 50108K [0x0000000081800000, 0x000000008ae80000, 0x00000000d5d80000)
  object space 154112K, 32% used [0x0000000081800000,0x00000000848ef248,0x000000008ae80000)
 Metaspace       used 60234K, capacity 62042K, committed 62168K, reserved 1103872K
  class space    used 6904K, capacity 7323K, committed 7424K, reserved 1048576K
Event: 836.810 GC heap after
Heap after GC invocations=27 (full 3):
 PSYoungGen      total 528384K, used 32873K [0x00000000d5d80000, 0x00000000f9700000, 0x0000000100000000)
  eden space 485888K, 0% used [0x00000000d5d80000,0x00000000d5d80000,0x00000000f3800000)
  from space 42496K, 77% used [0x00000000f6400000,0x00000000f841a688,0x00000000f8d80000)
  to   space 45056K, 0% used [0x00000000f3800000,0x00000000f3800000,0x00000000f6400000)
 ParOldGen       total 154112K, used 50116K [0x0000000081800000, 0x000000008ae80000, 0x00000000d5d80000)
  object space 154112K, 32% used [0x0000000081800000,0x00000000848f1248,0x000000008ae80000)
 Metaspace       used 60234K, capacity 62042K, committed 62168K, reserved 1103872K
  class space    used 6904K, capacity 7323K, committed 7424K, reserved 1048576K
}
Event: 843.106 GC heap before
{Heap before GC invocations=28 (full 3):
 PSYoungGen      total 528384K, used 518761K [0x00000000d5d80000, 0x00000000f9700000, 0x0000000100000000)
  eden space 485888K, 100% used [0x00000000d5d80000,0x00000000f3800000,0x00000000f3800000)
  from space 42496K, 77% used [0x00000000f6400000,0x00000000f841a688,0x00000000f8d80000)
  to   space 45056K, 0% used [0x00000000f3800000,0x00000000f3800000,0x00000000f6400000)
 ParOldGen       total 154112K, used 50116K [0x0000000081800000, 0x000000008ae80000, 0x00000000d5d80000)
  object space 154112K, 32% used [0x0000000081800000,0x00000000848f1248,0x000000008ae80000)
 Metaspace       used 60434K, capacity 62234K, committed 62424K, reserved 1103872K
  class space    used 6909K, capacity 7323K, committed 7424K, reserved 1048576K
Event: 843.165 GC heap after
Heap after GC invocations=28 (full 3):
 PSYoungGen      total 530944K, used 38299K [0x00000000d5d80000, 0x00000000fc280000, 0x0000000100000000)
  eden space 485888K, 0% used [0x00000000d5d80000,0x00000000d5d80000,0x00000000f3800000)
  from space 45056K, 85% used [0x00000000f3800000,0x00000000f5d66f18,0x00000000f6400000)
  to   space 48640K, 0% used [0x00000000f9300000,0x00000000f9300000,0x00000000fc280000)
 ParOldGen       total 154112K, used 50124K [0x0000000081800000, 0x000000008ae80000, 0x00000000d5d80000)
  object space 154112K, 32% used [0x0000000081800000,0x00000000848f3248,0x000000008ae80000)
 Metaspace       used 60434K, capacity 62234K, committed 62424K, reserved 1103872K
  class space    used 6909K, capacity 7323K, committed 7424K, reserved 1048576K
}
Event: 852.135 GC heap before
{Heap before GC invocations=29 (full 3):
 PSYoungGen      total 530944K, used 524187K [0x00000000d5d80000, 0x00000000fc280000, 0x0000000100000000)
  eden space 485888K, 100% used [0x00000000d5d80000,0x00000000f3800000,0x00000000f3800000)
  from space 45056K, 85% used [0x00000000f3800000,0x00000000f5d66f18,0x00000000f6400000)
  to   space 48640K, 0% used [0x00000000f9300000,0x00000000f9300000,0x00000000fc280000)
 ParOldGen       total 154112K, used 50124K [0x0000000081800000, 0x000000008ae80000, 0x00000000d5d80000)
  object space 154112K, 32% used [0x0000000081800000,0x00000000848f3248,0x000000008ae80000)
 Metaspace       used 60660K, capacity 62426K, committed 62680K, reserved 1103872K
  class space    used 6915K, capacity 7323K, committed 7424K, reserved 1048576K
Event: 852.214 GC heap after
Heap after GC invocations=29 (full 3):
 PSYoungGen      total 573952K, used 43644K [0x00000000d5d80000, 0x00000000fcc80000, 0x0000000100000000)
  eden space 525312K, 0% used [0x00000000d5d80000,0x00000000d5d80000,0x00000000f5e80000)
  from space 48640K, 89% used [0x00000000f9300000,0x00000000fbd9f280,0x00000000fc280000)
  to   space 53760K, 0% used [0x00000000f5e80000,0x00000000f5e80000,0x00000000f9300000)
 ParOldGen       total 154112K, used 50132K [0x0000000081800000, 0x000000008ae80000, 0x00000000d5d80000)
  object space 154112K, 32% used [0x0000000081800000,0x00000000848f5248,0x000000008ae80000)
 Metaspace       used 60660K, capacity 62426K, committed 62680K, reserved 1103872K
  class space    used 6915K, capacity 7323K, committed 7424K, reserved 1048576K
}

